

Microchip MPLAB XC8 Assembler V2.10 build 88905656 
                                                                                               Fri Feb 07 19:28:42 2020

Microchip MPLAB XC8 C Compiler v2.10 (Free license) build 20190730164152 Og1 
     1                           	processor	18F45K22
     2                           	fnconf	rparam,??,?,0
     3                           	opt	pw 120
     4                           	opt	flic
     5                           	psect	cinit,global,reloc=2,class=CODE,delta=1
     6                           	psect	cstackCOMRAM,global,class=COMRAM,space=1,delta=1,noexec
     7                           	psect	text0,global,reloc=2,class=CODE,delta=1
     8                           	psect	intsave_regs,global,class=BIGRAM,space=1,delta=1,noexec
     9                           	psect	rparam,global,class=COMRAM,space=1,delta=1,noexec
    10  0000                     
    11                           ; Version 2.10
    12                           ; Generated 31/07/2019 GMT
    13                           ; 
    14                           ; Copyright © 2019, Microchip Technology Inc. and its subsidiaries ("Microchip")
    15                           ; All rights reserved.
    16                           ; 
    17                           ; This software is developed by Microchip Technology Inc. and its subsidiaries ("Microch
      +                          ip").
    18                           ; 
    19                           ; Redistribution and use in source and binary forms, with or without modification, are
    20                           ; permitted provided that the following conditions are met:
    21                           ; 
    22                           ;     1. Redistributions of source code must retain the above copyright notice, this lis
      +                          t of
    23                           ;        conditions and the following disclaimer.
    24                           ; 
    25                           ;     2. Redistributions in binary form must reproduce the above copyright notice, this 
      +                          list
    26                           ;        of conditions and the following disclaimer in the documentation and/or other
    27                           ;        materials provided with the distribution.
    28                           ; 
    29                           ;     3. Microchip's name may not be used to endorse or promote products derived from th
      +                          is
    30                           ;        software without specific prior written permission.
    31                           ; 
    32                           ; THIS SOFTWARE IS PROVIDED BY MICROCHIP "AS IS" AND ANY EXPRESS OR IMPLIED WARRANTIES,
    33                           ; INCLUDING, BUT NOT LIMITED TO, THE IMPLIED WARRANTIES OF MERCHANTABILITY AND FITNESS F
      +                          OR
    34                           ; PURPOSE ARE DISCLAIMED.  IN NO EVENT SHALL MICROCHIP BE LIABLE FOR ANY DIRECT, INDIREC
      +                          T,
    35                           ; INCIDENTAL, SPECIAL, EXEMPLARY, OR CONSEQUENTIAL DAMAGES (INCLUDING BUT NOT LIMITED TO
    36                           ; PROCUREMENT OF SUBSTITUTE GOODS OR SERVICES; LOSS OF USE, DATA OR PROFITS; OR BUSINESS
    37                           ; INTERRUPTION) HOWSOEVER CAUSED AND ON ANY THEORY OF LIABILITY, WHETHER IN CONTRACT, ST
      +                          RICT
    38                           ; LIABILITY, OR TORT (INCLUDING NEGLIGENCE OR OTHERWISE) ARISING IN ANY WAY OUT OF THE U
      +                          SE OF
    39                           ; THIS SOFTWARE, EVEN IF ADVISED OF THE POSSIBILITY OF SUCH DAMAGE.
    40                           ; 
    41                           ; 
    42                           ; Code-generator required, PIC18F45K22 Definitions
    43                           ; 
    44                           ; SFR Addresses
    45  0000                     _ANSELC	set	3898
    46  0000                     _RCSTA1bits	set	4011
    47  0000                     _TRISC	set	3988
    48  0000                     _LATC	set	3979
    49  0000                     _PORTC	set	3970
    50  0000                     _SPBRGH1	set	4016
    51  0000                     _SPBRG1	set	4015
    52  0000                     _BAUDCONbits	set	4024
    53  0000                     _TXSTA1bits	set	4012
    54  0000                     _RCREG1	set	4014
    55  0000                     _TXREG1	set	4013
    56  0000                     _RCSTA1	set	4011
    57  0000                     _TXSTA1	set	4012
    58  0000                     _OSCCONbits	set	4051
    59                           
    60                           ; #config settings
    61  0000                     
    62                           	psect	cinit
    63  007F80                     __pcinit:
    64                           	opt callstack 0
    65  007F80                     start_initialization:
    66                           	opt callstack 0
    67  007F80                     __initialization:
    68                           	opt callstack 0
    69  007F80                     end_of_initialization:
    70                           	opt callstack 0
    71  007F80                     __end_of__initialization:
    72                           	opt callstack 0
    73  007F80  0100               	movlb	0
    74  007F82  EFC3  F03F         	goto	_main	;jump to C main() function
    75                           
    76                           	psect	cstackCOMRAM
    77  000001                     __pcstackCOMRAM:
    78                           	opt callstack 0
    79  000001                     ??_main:
    80                           
    81                           ; 1 bytes @ 0x0
    82  000001                     	ds	2
    83  000003                     main@character:
    84                           	opt callstack 0
    85                           
    86                           ; 1 bytes @ 0x2
    87  000003                     	ds	1
    88                           
    89 ;;
    90 ;;Main: autosize = 0, tempsize = 2, incstack = 0, save=0
    91 ;;
    92 ;; *************** function _main *****************
    93 ;; Defined at:
    94 ;;		line 17 in file "serialPort.c"
    95 ;; Parameters:    Size  Location     Type
    96 ;;		None
    97 ;; Auto vars:     Size  Location     Type
    98 ;;  character       1    2[COMRAM] unsigned char 
    99 ;; Return value:  Size  Location     Type
   100 ;;                  1    wreg      void 
   101 ;; Registers used:
   102 ;;		wreg, status,2, status,0
   103 ;; Tracked objects:
   104 ;;		On entry : 0/0
   105 ;;		On exit  : 0/0
   106 ;;		Unchanged: 0/0
   107 ;; Data sizes:     COMRAM   BANK0   BANK1   BANK2   BANK3   BANK4   BANK5
   108 ;;      Params:         0       0       0       0       0       0       0
   109 ;;      Locals:         1       0       0       0       0       0       0
   110 ;;      Temps:          2       0       0       0       0       0       0
   111 ;;      Totals:         3       0       0       0       0       0       0
   112 ;;Total ram usage:        3 bytes
   113 ;; This function calls:
   114 ;;		Nothing
   115 ;; This function is called by:
   116 ;;		Startup code after reset
   117 ;; This function uses a non-reentrant model
   118 ;;
   119                           
   120                           	psect	text0
   121  007F86                     __ptext0:
   122                           	opt callstack 0
   123  007F86                     _main:
   124                           	opt callstack 31
   125  007F86                     
   126                           ;serialPort.c: 19:     OSCCONbits.IRCF0 = 1;
   127  007F86  88D3               	bsf	211,4,c	;volatile
   128                           
   129                           ;serialPort.c: 20:     OSCCONbits.IRCF1 = 0;
   130  007F88  9AD3               	bcf	211,5,c	;volatile
   131                           
   132                           ;serialPort.c: 21:     OSCCONbits.IRCF2 = 1;
   133  007F8A  8CD3               	bsf	211,6,c	;volatile
   134  007F8C                     
   135                           ;serialPort.c: 24:     TXSTA1 = 0x00;
   136  007F8C  0E00               	movlw	0
   137  007F8E  6EAC               	movwf	172,c	;volatile
   138                           
   139                           ;serialPort.c: 25:     RCSTA1= 0x00;
   140  007F90  0E00               	movlw	0
   141  007F92  6EAB               	movwf	171,c	;volatile
   142                           
   143                           ;serialPort.c: 26:     TXREG1 = 0x00;
   144  007F94  0E00               	movlw	0
   145  007F96  6EAD               	movwf	173,c	;volatile
   146                           
   147                           ;serialPort.c: 27:     RCREG1=0x00;
   148  007F98  0E00               	movlw	0
   149  007F9A  6EAE               	movwf	174,c	;volatile
   150  007F9C                     
   151                           ;serialPort.c: 30:     TXSTA1bits.TX9 = 0;
   152  007F9C  9CAC               	bcf	172,6,c	;volatile
   153  007F9E                     
   154                           ;serialPort.c: 31:     TXSTA1bits.SYNC = 0;
   155  007F9E  98AC               	bcf	172,4,c	;volatile
   156  007FA0                     
   157                           ;serialPort.c: 32:     TXSTA1bits.BRGH = 1;
   158  007FA0  84AC               	bsf	172,2,c	;volatile
   159  007FA2                     
   160                           ;serialPort.c: 34:     BAUDCONbits.BRG16 = 0;
   161  007FA2  96B8               	bcf	184,3,c	;volatile
   162  007FA4                     
   163                           ;serialPort.c: 35:     BAUDCONbits.DTRXP = 1;
   164  007FA4  8AB8               	bsf	184,5,c	;volatile
   165  007FA6                     
   166                           ;serialPort.c: 36:     BAUDCONbits.CKTXP = 1;
   167  007FA6  88B8               	bsf	184,4,c	;volatile
   168                           
   169                           ;serialPort.c: 38:     SPBRG1 = 12;
   170  007FA8  0E0C               	movlw	12
   171  007FAA  6EAF               	movwf	175,c	;volatile
   172                           
   173                           ;serialPort.c: 39:     SPBRGH1 = 0x00;
   174  007FAC  0E00               	movlw	0
   175  007FAE  6EB0               	movwf	176,c	;volatile
   176                           
   177                           ;serialPort.c: 41:     PORTC = 0x00;
   178  007FB0  0E00               	movlw	0
   179  007FB2  6E82               	movwf	130,c	;volatile
   180                           
   181                           ;serialPort.c: 42:     LATC = 0x00;
   182  007FB4  0E00               	movlw	0
   183  007FB6  6E8B               	movwf	139,c	;volatile
   184                           
   185                           ;serialPort.c: 43:     ANSELC = 0x00;
   186  007FB8  0E00               	movlw	0
   187  007FBA  010F               	movlb	15	; () banked
   188  007FBC  6F3A               	movwf	58,b	;volatile
   189                           
   190                           ;serialPort.c: 44:     TRISC = 0b11000000;
   191  007FBE  0EC0               	movlw	192
   192  007FC0  6E94               	movwf	148,c	;volatile
   193  007FC2                     
   194                           ; BSR set to: 15
   195                           ;serialPort.c: 46:     RCSTA1bits.SPEN = 1;
   196  007FC2  8EAB               	bsf	171,7,c	;volatile
   197  007FC4                     
   198                           ; BSR set to: 15
   199                           ;serialPort.c: 47:     RCSTA1bits.CREN = 1;
   200  007FC4  88AB               	bsf	171,4,c	;volatile
   201  007FC6                     
   202                           ; BSR set to: 15
   203                           ;serialPort.c: 51:     TXSTA1bits.TXEN = 1;
   204  007FC6  8AAC               	bsf	172,5,c	;volatile
   205  007FC8                     
   206                           ; BSR set to: 15
   207                           ;serialPort.c: 52:     RCSTA1bits.SPEN = 1;
   208  007FC8  8EAB               	bsf	171,7,c	;volatile
   209                           
   210                           ;serialPort.c: 53:     char character = 'A';
   211  007FCA  0E41               	movlw	65
   212  007FCC  6E03               	movwf	main@character^0,c
   213  007FCE                     l741:
   214                           
   215                           ;serialPort.c: 56:         TXREG1 = character;
   216  007FCE  C003  FFAD         	movff	main@character,4013	;volatile
   217  007FD2                     l36:
   218  007FD2  A2AC               	btfss	172,1,c	;volatile
   219  007FD4  EFEE  F03F         	goto	u11
   220  007FD8  EFF0  F03F         	goto	u10
   221  007FDC                     u11:
   222  007FDC  EFE9  F03F         	goto	l36
   223  007FE0                     u10:
   224  007FE0                     
   225                           ;serialPort.c: 58:         character++;
   226  007FE0  2A03               	incf	main@character^0,f,c
   227  007FE2                     
   228                           ;serialPort.c: 59:         _delay((unsigned long)((1000)*(4000000/4000.0)));
   229  007FE2  0E06               	movlw	6
   230  007FE4  6E02               	movwf	(??_main+1)^0,c
   231  007FE6  0E13               	movlw	19
   232  007FE8  6E01               	movwf	??_main^0,c
   233  007FEA  0EAE               	movlw	174
   234  007FEC                     u27:
   235  007FEC  2EE8               	decfsz	wreg,f,c
   236  007FEE  D7FE               	bra	u27
   237  007FF0  2E01               	decfsz	??_main^0,f,c
   238  007FF2  D7FC               	bra	u27
   239  007FF4  2E02               	decfsz	(??_main+1)^0,f,c
   240  007FF6  D7FA               	bra	u27
   241  007FF8  EFE7  F03F         	goto	l741
   242  007FFC  EF00  F000         	goto	start
   243  008000                     __end_of_main:
   244                           	opt callstack 0
   245  0000                     
   246                           	psect	rparam
   247  0000                     tosu	equ	0xFFF
   248                           tosh	equ	0xFFE
   249                           tosl	equ	0xFFD
   250                           stkptr	equ	0xFFC
   251                           pclatu	equ	0xFFB
   252                           pclath	equ	0xFFA
   253                           pcl	equ	0xFF9
   254                           tblptru	equ	0xFF8
   255                           tblptrh	equ	0xFF7
   256                           tblptrl	equ	0xFF6
   257                           tablat	equ	0xFF5
   258                           prodh	equ	0xFF4
   259                           prodl	equ	0xFF3
   260                           indf0	equ	0xFEF
   261                           postinc0	equ	0xFEE
   262                           postdec0	equ	0xFED
   263                           preinc0	equ	0xFEC
   264                           plusw0	equ	0xFEB
   265                           fsr0h	equ	0xFEA
   266                           fsr0l	equ	0xFE9
   267                           wreg	equ	0xFE8
   268                           indf1	equ	0xFE7
   269                           postinc1	equ	0xFE6
   270                           postdec1	equ	0xFE5
   271                           preinc1	equ	0xFE4
   272                           plusw1	equ	0xFE3
   273                           fsr1h	equ	0xFE2
   274                           fsr1l	equ	0xFE1
   275                           bsr	equ	0xFE0
   276                           indf2	equ	0xFDF
   277                           postinc2	equ	0xFDE
   278                           postdec2	equ	0xFDD
   279                           preinc2	equ	0xFDC
   280                           plusw2	equ	0xFDB
   281                           fsr2h	equ	0xFDA
   282                           fsr2l	equ	0xFD9
   283                           status	equ	0xFD8


Data Sizes:
    Strings     0
    Constant    0
    Data        0
    BSS         0
    Persistent  0
    Stack       0

Auto Spaces:
    Space          Size  Autos    Used
    COMRAM           95      3       3
    BANK0           160      0       0
    BANK1           256      0       0
    BANK2           256      0       0
    BANK3           256      0       0
    BANK4           256      0       0
    BANK5           256      0       0

Pointer List with Targets:

    None.

Critical Paths under _main in COMRAM

    None.

Critical Paths under _main in BANK0

    None.

Critical Paths under _main in BANK1

    None.

Critical Paths under _main in BANK2

    None.

Critical Paths under _main in BANK3

    None.

Critical Paths under _main in BANK4

    None.

Critical Paths under _main in BANK5

    None.

Call Graph Tables:

 ---------------------------------------------------------------------------------
 (Depth) Function   	        Calls       Base Space   Used Autos Params    Refs
 ---------------------------------------------------------------------------------
 (0) _main                                                 3     3      0      15
                                              0 COMRAM     3     3      0
 ---------------------------------------------------------------------------------
 Estimated maximum stack depth 0
 ---------------------------------------------------------------------------------

 Call Graph Graphs:

 _main (ROOT)

 Address spaces:
Name               Size   Autos  Total    Cost      Usage
BITCOMRAM           5F      0       0       0        0.0%
EEDATA             100      0       0       0        0.0%
NULL                 0      0       0       0        0.0%
CODE                 0      0       0       0        0.0%
COMRAM              5F      3       3       1        3.2%
STACK                0      0       0       2        0.0%
BITBANK0            A0      0       0       3        0.0%
BANK0               A0      0       0       4        0.0%
BITBANK1           100      0       0       5        0.0%
BANK1              100      0       0       6        0.0%
BITBANK2           100      0       0       7        0.0%
BANK2              100      0       0       8        0.0%
ABS                  0      0       0       9        0.0%
BITBANK3           100      0       0      10        0.0%
BANK3              100      0       0      11        0.0%
BITBANK4           100      0       0      12        0.0%
BANK4              100      0       0      13        0.0%
BITBANK5           100      0       0      14        0.0%
BANK5              100      0       0      15        0.0%
BIGRAM             5FF      0       0      16        0.0%
DATA                 0      0       0      17        0.0%
BITSFR_1             0      0       0     200        0.0%
SFR_1                0      0       0     200        0.0%
BITSFR               0      0       0     200        0.0%
SFR                  0      0       0     200        0.0%


Microchip Technology PIC18 Macro Assembler V2.10 build 88905656 
Symbol Table                                                                                   Fri Feb 07 19:28:42 2020

                     l36 7FD2                       u10 7FE0                       u11 7FDC  
                     u27 7FEC                      l721 7F9C                      l731 7FA6  
                    l723 7F9E                      l741 7FCE                      l733 7FC2  
                    l725 7FA0                      l717 7F86                      l743 7FE0  
                    l735 7FC4                      l727 7FA2                      l719 7F8C  
                    l745 7FE2                      l737 7FC6                      l729 7FA4  
                    l739 7FC8                      wreg 000FE8               _TXSTA1bits 000FAC  
                   _LATC 000F8B                     _main 7F86                     start 0000  
           ___param_bank 000000                    ?_main 0001                    _PORTC 000F82  
                  _TRISC 000F94          __initialization 7F80             __end_of_main 8000  
          main@character 0003                   ??_main 0001            __activetblptr 000000  
                 _ANSELC 000F3A           __CFG_WDTEN$OFF 000000                   _RCREG1 000FAE  
                 _RCSTA1 000FAB                   _SPBRG1 000FAF                   _TXREG1 000FAD  
                 _TXSTA1 000FAC               __accesstop 0060  __end_of__initialization 7F80  
          ___rparam_used 000001           __pcstackCOMRAM 0001                  _SPBRGH1 000FB0  
                __Hparam 0000                  __Lparam 0000                  __pcinit 7F80  
                __ramtop 0600                  __ptext0 7F86     end_of_initialization 7F80  
            _BAUDCONbits 000FB8      start_initialization 7F80                 __Hrparam 0000  
               __Lrparam 0000            __size_of_main 007A               _RCSTA1bits 000FAB  
             _OSCCONbits 000FD3        __CFG_FOSC$INTIO67 000000  
